<?xml version="1.0" encoding="UTF-8"?>
<!-- Generated by org.testng.reporters.JUnitReportReporter -->
<testsuite hostname="LAPTOP-3GUFKQ8U" failures="0" tests="1" name="TestC.BaseC" time="7.803" errors="0" timestamp="2023-12-08T14:47:38 IST" skipped="0">
  <testcase classname="TestC.BaseC" name="main" time="7.803"/>
</testsuite> <!-- TestC.BaseC -->
