<?xml version="1.0" encoding="UTF-8"?>
<!-- Generated by org.testng.reporters.JUnitReportReporter -->
<testsuite hostname="LAPTOP-3GUFKQ8U" failures="0" tests="1" name="TestC.TC_01_login" time="1.411" errors="0" timestamp="2023-12-12T20:27:01 IST" skipped="0">
  <testcase classname="TestC.TC_01_login" name="lg" time="1.411"/>
</testsuite> <!-- TestC.TC_01_login -->
